<?xml version="1.0" encoding="UTF-8"?>
<testsuite xmlns:xsi="http://www.w3.org/2001/XMLSchema-instance" xsi:noNamespaceSchemaLocation="https://maven.apache.org/surefire/maven-surefire-plugin/xsd/surefire-test-report-3.0.xsd" version="3.0" name="com.qxc.springboot.SpringbootApplicationTests" time="2.774" tests="1" errors="0" skipped="0" failures="0">
  <properties>
[...]
</properties>
  <testcase name="contextLoads" classname="com.qxc.springboot.SpringbootApplicationTests" time="0.799">
    <system-out><![CDATA[00:37:15.921 [main] INFO org.springframework.test.context.support.AnnotationConfigContextLoaderUtils -- Could not detect default configuration classes for test class [com.qxc.springboot.SpringbootApplicationTests]: SpringbootApplicationTests does not declare any static, non-private, non-final, nested classes annotated with @Configuration.
00:37:16.010 [main] INFO org.springframework.boot.test.context.SpringBootTestContextBootstrapper -- Found @SpringBootConfiguration com.qxc.springboot.SpringbootApplication for test class com.qxc.springboot.SpringbootApplicationTests
  .   ____          _            __ _ _
 /\\ / ___'_ __ _ _(_)_ __  __ _ \ \ \ \
( ( )\___ | '_ | '_| | '_ \/ _` | \ \ \ \
 \\/  ___)| |_)| | | | | || (_| |  ) ) ) )
  '  |____| .__|_| |_|_| |_\__, | / / / /
 =========|_|==============|___/=/_/_/_/

 :: Spring Boot ::                (v3.3.0)

2024-06-13T00:37:16.351+08:00  INFO 15700 --- [springboot] [           main] c.q.s.SpringbootApplicationTests         : Starting SpringbootApplicationTests using Java 20.0.1 with PID 15700 (started by 吕亚彤 in D:\Study\本人\大三下\软件工程课设\demo\demo2\springboot)
2024-06-13T00:37:16.353+08:00  INFO 15700 --- [springboot] [           main] c.q.s.SpringbootApplicationTests         : No active profile set, falling back to 1 default profile: "default"
2024-06-13T00:37:17.735+08:00  INFO 15700 --- [springboot] [           main] c.q.s.SpringbootApplicationTests         : Started SpringbootApplicationTests in 1.595 seconds (process running for 2.435)
]]></system-out>
  </testcase>
</testsuite>